{"/Users/jasonchoi/Documents/classroom/launch_school/JS130/lesson_03/jest_testing/playground.js": {"path":"/Users/jasonchoi/Documents/classroom/launch_school/JS130/lesson_03/jest_testing/playground.js","statementMap":{"0":{"start":{"line":3,"column":4},"end":{"line":3,"column":20}},"1":{"start":{"line":7,"column":0},"end":{"line":9,"column":1}}},"fnMap":{"0":{"name":"(anonymous_0)","decl":{"start":{"line":2,"column":2},"end":{"line":2,"column":3}},"loc":{"start":{"line":2,"column":16},"end":{"line":4,"column":3}},"line":2}},"branchMap":{},"s":{"0":1,"1":1},"f":{"0":1},"b":{},"_coverageSchema":"1a1c01bbd47fc00a2c39e90264f33305004495a9","hash":"d1c534fcd9cb0f0f75def8ae0ec0792a06f34dcb"}
}
